<?xml version="1.0" encoding="UTF-8"?>
<!-- Generated by org.testng.reporters.JUnitReportReporter -->
<testsuite skipped="0" hostname="Temp-PhuocCH" name="power.PowerCode" tests="2" failures="0" timestamp="12 Mar 2018 08:41:59 GMT" time="0.003" errors="0">
  <testcase name="testCase02" time="0.001" classname="power.PowerCode"/>
  <testcase name="testCase01" time="0.002" classname="power.PowerCode"/>
</testsuite> <!-- power.PowerCode -->
