<?xml version="1.0" encoding="UTF-8"?>
<!-- Generated by org.testng.reporters.JUnitReportReporter -->
<testsuite skipped="0" hostname="Temp-PhuocCH" name="power.PowerCode" tests="2" failures="0" timestamp="13 Mar 2018 04:28:52 GMT" time="0.016" errors="0">
  <testcase name="testCase02" time="0.016" classname="power.PowerCode"/>
  <testcase name="testCase01" time="0.000" classname="power.PowerCode"/>
</testsuite> <!-- power.PowerCode -->
